ARM GAS  L:\Final year project 2011 amit\ADC.c.asm 			page 1


   1              	.file "L:\Final year project 2011 amit\ADC.c.c"
   2              	
   3              		.text
   4              	
   5              		.global Reading
   6              		.p2align 2
   7              		.size Reading, 2400
   8              	Reading:
   9 0000 30000000 		.word 0x30
  10 0004 31000000 		.word 0x31
  11 0008 32000000 		.word 0x32
  12 000c 33000000 		.word 0x33
  13 0010 34000000 		.word 0x34
  14 0014 35000000 		.word 0x35
  15 0018 36000000 		.word 0x36
  16 001c 37000000 		.word 0x37
  17 0020 38000000 		.word 0x38
  18 0024 39000000 		.word 0x39
  19 0028 3A000000 		.word 0x3a
  20 002c 3B000000 		.word 0x3b
  21 0030 3C000000 		.word 0x3c
  22 0034 3D000000 		.word 0x3d
  23 0038 3E000000 		.word 0x3e
  24 003c 3F000000 		.word 0x3f
  25 0040 40000000 		.word 0x40
  26 0044 41000000 		.word 0x41
  27 0048 42000000 		.word 0x42
  28 004c 43000000 		.word 0x43
  29 0050 44000000 		.word 0x44
  30 0054 45000000 		.word 0x45
  31 0058 46000000 		.word 0x46
  32 005c 47000000 		.word 0x47
  33 0060 48000000 		.word 0x48
  34 0064 49000000 		.word 0x49
  35 0068 4A000000 		.word 0x4a
  36 006c 4B000000 		.word 0x4b
  37 0070 4C000000 		.word 0x4c
  38 0074 4D000000 		.word 0x4d
  39 0078 4E000000 		.word 0x4e
  40 007c 4F000000 		.word 0x4f
  41 0080 50000000 		.word 0x50
  42 0084 51000000 		.word 0x51
  43 0088 52000000 		.word 0x52
  44 008c 53000000 		.word 0x53
  45 0090 54000000 		.word 0x54
  46 0094 55000000 		.word 0x55
  47 0098 56000000 		.word 0x56
  48 009c 57000000 		.word 0x57
  49 00a0 58000000 		.word 0x58
  50 00a4 59000000 		.word 0x59
  51 00a8 5A000000 		.word 0x5a
  52 00ac 5B000000 		.word 0x5b
  53 00b0 5C000000 		.word 0x5c
  54 00b4 5D000000 		.word 0x5d
  55 00b8 5E000000 		.word 0x5e
  56 00bc 5F000000 		.word 0x5f
  57 00c0 60000000 		.word 0x60
ARM GAS  L:\Final year project 2011 amit\ADC.c.asm 			page 2


  58 00c4 61000000 		.word 0x61
  59 00c8 62000000 		.word 0x62
  60 00cc 63000000 		.word 0x63
  61 00d0 64000000 		.word 0x64
  62 00d4 65000000 		.word 0x65
  63 00d8 66000000 		.word 0x66
  64 00dc 67000000 		.word 0x67
  65 00e0 68000000 		.word 0x68
  66 00e4 69000000 		.word 0x69
  67 00e8 6A000000 		.word 0x6a
  68 00ec 6B000000 		.word 0x6b
  69 00f0 6C000000 		.word 0x6c
  70 00f4 6D000000 		.word 0x6d
  71 00f8 6E000000 		.word 0x6e
  72 00fc 6F000000 		.word 0x6f
  73 0100 70000000 		.word 0x70
  74 0104 71000000 		.word 0x71
  75 0108 72000000 		.word 0x72
  76 010c 73000000 		.word 0x73
  77 0110 74000000 		.word 0x74
  78 0114 75000000 		.word 0x75
  79 0118 76000000 		.word 0x76
  80 011c 77000000 		.word 0x77
  81 0120 78000000 		.word 0x78
  82 0124 79000000 		.word 0x79
  83 0128 7A000000 		.word 0x7a
  84 012c 7B000000 		.word 0x7b
  85 0130 7C000000 		.word 0x7c
  86 0134 7D000000 		.word 0x7d
  87 0138 7E000000 		.word 0x7e
  88 013c 7F000000 		.word 0x7f
  89 0140 82000000 		.word 0x82
  90 0144 83000000 		.word 0x83
  91 0148 84000000 		.word 0x84
  92 014c 86000000 		.word 0x86
  93 0150 87000000 		.word 0x87
  94 0154 88000000 		.word 0x88
  95 0158 89000000 		.word 0x89
  96 015c 8A000000 		.word 0x8a
  97 0160 8B000000 		.word 0x8b
  98 0164 8C000000 		.word 0x8c
  99 0168 8D000000 		.word 0x8d
 100 016c 8E000000 		.word 0x8e
 101 0170 8F000000 		.word 0x8f
 102 0174 90000000 		.word 0x90
 103 0178 91000000 		.word 0x91
 104 017c 92000000 		.word 0x92
 105 0180 93000000 		.word 0x93
 106 0184 94000000 		.word 0x94
 107 0188 95000000 		.word 0x95
 108 018c 96000000 		.word 0x96
 109 0190 97000000 		.word 0x97
 110 0194 98000000 		.word 0x98
 111 0198 99000000 		.word 0x99
 112 019c 9A000000 		.word 0x9a
 113 01a0 9B000000 		.word 0x9b
 114 01a4 9C000000 		.word 0x9c
ARM GAS  L:\Final year project 2011 amit\ADC.c.asm 			page 3


 115 01a8 9D000000 		.word 0x9d
 116 01ac 9E000000 		.word 0x9e
 117 01b0 9F000000 		.word 0x9f
 118 01b4 A0000000 		.word 0xa0
 119 01b8 A1000000 		.word 0xa1
 120 01bc A2000000 		.word 0xa2
 121 01c0 A3000000 		.word 0xa3
 122 01c4 A4000000 		.word 0xa4
 123 01c8 A5000000 		.word 0xa5
 124 01cc A6000000 		.word 0xa6
 125 01d0 A7000000 		.word 0xa7
 126 01d4 A8000000 		.word 0xa8
 127 01d8 A9000000 		.word 0xa9
 128 01dc AA000000 		.word 0xaa
 129 01e0 AB000000 		.word 0xab
 130 01e4 AC000000 		.word 0xac
 131 01e8 AD000000 		.word 0xad
 132 01ec AE000000 		.word 0xae
 133 01f0 AF000000 		.word 0xaf
 134 01f4 B0000000 		.word 0xb0
 135 01f8 B1000000 		.word 0xb1
 136 01fc B2000000 		.word 0xb2
 137 0200 B3000000 		.word 0xb3
 138 0204 B4000000 		.word 0xb4
 139 0208 B5000000 		.word 0xb5
 140 020c B6000000 		.word 0xb6
 141 0210 B7000000 		.word 0xb7
 142 0214 B8000000 		.word 0xb8
 143 0218 B9000000 		.word 0xb9
 144 021c BA000000 		.word 0xba
 145 0220 BB000000 		.word 0xbb
 146 0224 BC000000 		.word 0xbc
 147 0228 BD000000 		.word 0xbd
 148 022c BE000000 		.word 0xbe
 149 0230 BF000000 		.word 0xbf
 150 0234 C0000000 		.word 0xc0
 151 0238 C1000000 		.word 0xc1
 152 023c C2000000 		.word 0xc2
 153 0240 C3000000 		.word 0xc3
 154 0244 C4000000 		.word 0xc4
 155 0248 C5000000 		.word 0xc5
 156 024c C6000000 		.word 0xc6
 157 0250 C7000000 		.word 0xc7
 158 0254 C8000000 		.word 0xc8
 159 0258 C9000000 		.word 0xc9
 160 025c CA000000 		.word 0xca
 161 0260 CB000000 		.word 0xcb
 162 0264 CC000000 		.word 0xcc
 163 0268 CD000000 		.word 0xcd
 164 026c CE000000 		.word 0xce
 165 0270 CF000000 		.word 0xcf
 166 0274 D0000000 		.word 0xd0
 167 0278 D1000000 		.word 0xd1
 168 027c D2000000 		.word 0xd2
 169 0280 D3000000 		.word 0xd3
 170 0284 D4000000 		.word 0xd4
 171 0288 D5000000 		.word 0xd5
ARM GAS  L:\Final year project 2011 amit\ADC.c.asm 			page 4


 172 028c D6000000 		.word 0xd6
 173 0290 D7000000 		.word 0xd7
 174 0294 D8000000 		.word 0xd8
 175 0298 D9000000 		.word 0xd9
 176 029c DA000000 		.word 0xda
 177 02a0 DB000000 		.word 0xdb
 178 02a4 DC000000 		.word 0xdc
 179 02a8 DD000000 		.word 0xdd
 180 02ac DE000000 		.word 0xde
 181 02b0 DF000000 		.word 0xdf
 182 02b4 E0000000 		.word 0xe0
 183 02b8 E1000000 		.word 0xe1
 184 02bc E2000000 		.word 0xe2
 185 02c0 E3000000 		.word 0xe3
 186 02c4 E4000000 		.word 0xe4
 187 02c8 E5000000 		.word 0xe5
 188 02cc E6000000 		.word 0xe6
 189 02d0 E7000000 		.word 0xe7
 190 02d4 E8000000 		.word 0xe8
 191 02d8 E9000000 		.word 0xe9
 192 02dc EA000000 		.word 0xea
 193 02e0 EB000000 		.word 0xeb
 194 02e4 EC000000 		.word 0xec
 195 02e8 ED000000 		.word 0xed
 196 02ec EE000000 		.word 0xee
 197 02f0 EF000000 		.word 0xef
 198 02f4 F0000000 		.word 0xf0
 199 02f8 F1000000 		.word 0xf1
 200 02fc F2000000 		.word 0xf2
 201 0300 F3000000 		.word 0xf3
 202 0304 F4000000 		.word 0xf4
 203 0308 F5000000 		.word 0xf5
 204 030c F6000000 		.word 0xf6
 205 0310 F7000000 		.word 0xf7
 206 0314 F8000000 		.word 0xf8
 207 0318 F9000000 		.word 0xf9
 208 031c FA000000 		.word 0xfa
 209 0320 FB000000 		.word 0xfb
 210 0324 FC000000 		.word 0xfc
 211 0328 FD000000 		.word 0xfd
 212 032c FE000000 		.word 0xfe
 213 0330 FF000000 		.word 0xff
 214 0334 00010000 		.word 0x100
 215 0338 01010000 		.word 0x101
 216 033c 02010000 		.word 0x102
 217 0340 03010000 		.word 0x103
 218 0344 04010000 		.word 0x104
 219 0348 05010000 		.word 0x105
 220 034c 06010000 		.word 0x106
 221 0350 07010000 		.word 0x107
 222 0354 08010000 		.word 0x108
 223 0358 09010000 		.word 0x109
 224 035c 0A010000 		.word 0x10a
 225 0360 0B010000 		.word 0x10b
 226 0364 0C010000 		.word 0x10c
 227 0368 0D010000 		.word 0x10d
 228 036c 0E010000 		.word 0x10e
ARM GAS  L:\Final year project 2011 amit\ADC.c.asm 			page 5


 229 0370 0F010000 		.word 0x10f
 230 0374 10010000 		.word 0x110
 231 0378 11010000 		.word 0x111
 232 037c 12010000 		.word 0x112
 233 0380 13010000 		.word 0x113
 234 0384 14010000 		.word 0x114
 235 0388 15010000 		.word 0x115
 236 038c 16010000 		.word 0x116
 237 0390 17010000 		.word 0x117
 238 0394 18010000 		.word 0x118
 239 0398 19010000 		.word 0x119
 240 039c 1A010000 		.word 0x11a
 241 03a0 1B010000 		.word 0x11b
 242 03a4 1C010000 		.word 0x11c
 243 03a8 1D010000 		.word 0x11d
 244 03ac 1E010000 		.word 0x11e
 245 03b0 1F010000 		.word 0x11f
 246 03b4 20010000 		.word 0x120
 247 03b8 21010000 		.word 0x121
 248 03bc 22010000 		.word 0x122
 249 03c0 23010000 		.word 0x123
 250 03c4 24010000 		.word 0x124
 251 03c8 25010000 		.word 0x125
 252 03cc 26010000 		.word 0x126
 253 03d0 27010000 		.word 0x127
 254 03d4 28010000 		.word 0x128
 255 03d8 29010000 		.word 0x129
 256 03dc 2A010000 		.word 0x12a
 257 03e0 2B010000 		.word 0x12b
 258 03e4 2C010000 		.word 0x12c
 259 03e8 2D010000 		.word 0x12d
 260 03ec 2E010000 		.word 0x12e
 261 03f0 2F010000 		.word 0x12f
 262 03f4 30010000 		.word 0x130
 263 03f8 31010000 		.word 0x131
 264 03fc 32010000 		.word 0x132
 265 0400 33010000 		.word 0x133
 266 0404 34010000 		.word 0x134
 267 0408 35010000 		.word 0x135
 268 040c 36010000 		.word 0x136
 269 0410 37010000 		.word 0x137
 270 0414 38010000 		.word 0x138
 271 0418 39010000 		.word 0x139
 272 041c 3A010000 		.word 0x13a
 273 0420 3B010000 		.word 0x13b
 274 0424 3C010000 		.word 0x13c
 275 0428 3D010000 		.word 0x13d
 276 042c 3E010000 		.word 0x13e
 277 0430 3F010000 		.word 0x13f
 278 0434 40010000 		.word 0x140
 279 0438 41010000 		.word 0x141
 280 043c 42010000 		.word 0x142
 281 0440 43010000 		.word 0x143
 282 0444 44010000 		.word 0x144
 283 0448 45010000 		.word 0x145
 284 044c 46010000 		.word 0x146
 285 0450 47010000 		.word 0x147
ARM GAS  L:\Final year project 2011 amit\ADC.c.asm 			page 6


 286 0454 48010000 		.word 0x148
 287 0458 49010000 		.word 0x149
 288 045c 4A010000 		.word 0x14a
 289 0460 4B010000 		.word 0x14b
 290 0464 4C010000 		.word 0x14c
 291 0468 4D010000 		.word 0x14d
 292 046c 4E010000 		.word 0x14e
 293 0470 4F010000 		.word 0x14f
 294 0474 50010000 		.word 0x150
 295 0478 51010000 		.word 0x151
 296 047c 52010000 		.word 0x152
 297 0480 53010000 		.word 0x153
 298 0484 54010000 		.word 0x154
 299 0488 55010000 		.word 0x155
 300 048c 56010000 		.word 0x156
 301 0490 57010000 		.word 0x157
 302 0494 58010000 		.word 0x158
 303 0498 59010000 		.word 0x159
 304 049c 5A010000 		.word 0x15a
 305 04a0 5B010000 		.word 0x15b
 306 04a4 5C010000 		.word 0x15c
 307 04a8 5D010000 		.word 0x15d
 308 04ac 5E010000 		.word 0x15e
 309 04b0 5F010000 		.word 0x15f
 310 04b4 60010000 		.word 0x160
 311 04b8 61010000 		.word 0x161
 312 04bc 62010000 		.word 0x162
 313 04c0 63010000 		.word 0x163
 314 04c4 64010000 		.word 0x164
 315 04c8 65010000 		.word 0x165
 316 04cc 66010000 		.word 0x166
 317 04d0 67010000 		.word 0x167
 318 04d4 68010000 		.word 0x168
 319 04d8 69010000 		.word 0x169
 320 04dc 6A010000 		.word 0x16a
 321 04e0 6B010000 		.word 0x16b
 322 04e4 6C010000 		.word 0x16c
 323 04e8 6D010000 		.word 0x16d
 324 04ec 6E010000 		.word 0x16e
 325 04f0 6F010000 		.word 0x16f
 326 04f4 70010000 		.word 0x170
 327 04f8 71010000 		.word 0x171
 328 04fc 72010000 		.word 0x172
 329 0500 73010000 		.word 0x173
 330 0504 74010000 		.word 0x174
 331 0508 75010000 		.word 0x175
 332 050c 76010000 		.word 0x176
 333 0510 77010000 		.word 0x177
 334 0514 78010000 		.word 0x178
 335 0518 79010000 		.word 0x179
 336 051c 7A010000 		.word 0x17a
 337 0520 7B010000 		.word 0x17b
 338 0524 7C010000 		.word 0x17c
 339 0528 7D010000 		.word 0x17d
 340 052c 7E010000 		.word 0x17e
 341 0530 7F010000 		.word 0x17f
 342 0534 80010000 		.word 0x180
ARM GAS  L:\Final year project 2011 amit\ADC.c.asm 			page 7


 343 0538 81010000 		.word 0x181
 344 053c 82010000 		.word 0x182
 345 0540 83010000 		.word 0x183
 346 0544 84010000 		.word 0x184
 347 0548 85010000 		.word 0x185
 348 054c 86010000 		.word 0x186
 349 0550 87010000 		.word 0x187
 350 0554 88010000 		.word 0x188
 351 0558 89010000 		.word 0x189
 352 055c 8A010000 		.word 0x18a
 353 0560 8B010000 		.word 0x18b
 354 0564 8C010000 		.word 0x18c
 355 0568 8D010000 		.word 0x18d
 356 056c 8E010000 		.word 0x18e
 357 0570 8F010000 		.word 0x18f
 358 0574 90010000 		.word 0x190
 359 0578 91010000 		.word 0x191
 360 057c 92010000 		.word 0x192
 361 0580 93010000 		.word 0x193
 362 0584 94010000 		.word 0x194
 363 0588 95010000 		.word 0x195
 364 058c 96010000 		.word 0x196
 365 0590 97010000 		.word 0x197
 366 0594 98010000 		.word 0x198
 367 0598 99010000 		.word 0x199
 368 059c 9A010000 		.word 0x19a
 369 05a0 9B010000 		.word 0x19b
 370 05a4 9C010000 		.word 0x19c
 371 05a8 9D010000 		.word 0x19d
 372 05ac 9E010000 		.word 0x19e
 373 05b0 9F010000 		.word 0x19f
 374 05b4 A0010000 		.word 0x1a0
 375 05b8 A1010000 		.word 0x1a1
 376 05bc A2010000 		.word 0x1a2
 377 05c0 A3010000 		.word 0x1a3
 378 05c4 A4010000 		.word 0x1a4
 379 05c8 A5010000 		.word 0x1a5
 380 05cc A6010000 		.word 0x1a6
 381 05d0 A7010000 		.word 0x1a7
 382 05d4 A8010000 		.word 0x1a8
 383 05d8 A9010000 		.word 0x1a9
 384 05dc AA010000 		.word 0x1aa
 385 05e0 AB010000 		.word 0x1ab
 386 05e4 AC010000 		.word 0x1ac
 387 05e8 AD010000 		.word 0x1ad
 388 05ec AE010000 		.word 0x1ae
 389 05f0 AF010000 		.word 0x1af
 390 05f4 B0010000 		.word 0x1b0
 391 05f8 B2010000 		.word 0x1b2
 392 05fc B3010000 		.word 0x1b3
 393 0600 B4010000 		.word 0x1b4
 394 0604 B5010000 		.word 0x1b5
 395 0608 B6010000 		.word 0x1b6
 396 060c B7010000 		.word 0x1b7
 397 0610 B8010000 		.word 0x1b8
 398 0614 B9010000 		.word 0x1b9
 399 0618 BA010000 		.word 0x1ba
ARM GAS  L:\Final year project 2011 amit\ADC.c.asm 			page 8


 400 061c BB010000 		.word 0x1bb
 401 0620 BC010000 		.word 0x1bc
 402 0624 BD010000 		.word 0x1bd
 403 0628 BE010000 		.word 0x1be
 404 062c BF010000 		.word 0x1bf
 405 0630 C0010000 		.word 0x1c0
 406 0634 C1010000 		.word 0x1c1
 407 0638 C2010000 		.word 0x1c2
 408 063c C3010000 		.word 0x1c3
 409 0640 C4010000 		.word 0x1c4
 410 0644 C5010000 		.word 0x1c5
 411 0648 C6010000 		.word 0x1c6
 412 064c C7010000 		.word 0x1c7
 413 0650 C8010000 		.word 0x1c8
 414 0654 C9010000 		.word 0x1c9
 415 0658 CA010000 		.word 0x1ca
 416 065c CB010000 		.word 0x1cb
 417 0660 CC010000 		.word 0x1cc
 418 0664 CD010000 		.word 0x1cd
 419 0668 CE010000 		.word 0x1ce
 420 066c CF010000 		.word 0x1cf
 421 0670 D0010000 		.word 0x1d0
 422 0674 D1010000 		.word 0x1d1
 423 0678 D2010000 		.word 0x1d2
 424 067c D3010000 		.word 0x1d3
 425 0680 D4010000 		.word 0x1d4
 426 0684 D5010000 		.word 0x1d5
 427 0688 D6010000 		.word 0x1d6
 428 068c D7010000 		.word 0x1d7
 429 0690 D8010000 		.word 0x1d8
 430 0694 D9010000 		.word 0x1d9
 431 0698 DA010000 		.word 0x1da
 432 069c DB010000 		.word 0x1db
 433 06a0 DC010000 		.word 0x1dc
 434 06a4 DD010000 		.word 0x1dd
 435 06a8 DE010000 		.word 0x1de
 436 06ac DF010000 		.word 0x1df
 437 06b0 E0010000 		.word 0x1e0
 438 06b4 E1010000 		.word 0x1e1
 439 06b8 E2010000 		.word 0x1e2
 440 06bc E3010000 		.word 0x1e3
 441 06c0 E4010000 		.word 0x1e4
 442 06c4 E5010000 		.word 0x1e5
 443 06c8 E6010000 		.word 0x1e6
 444 06cc E7010000 		.word 0x1e7
 445 06d0 E8010000 		.word 0x1e8
 446 06d4 E9010000 		.word 0x1e9
 447 06d8 EA010000 		.word 0x1ea
 448 06dc EB010000 		.word 0x1eb
 449 06e0 EC010000 		.word 0x1ec
 450 06e4 ED010000 		.word 0x1ed
 451 06e8 EE010000 		.word 0x1ee
 452 06ec EF010000 		.word 0x1ef
 453 06f0 F0010000 		.word 0x1f0
 454 06f4 F1010000 		.word 0x1f1
 455 06f8 F2010000 		.word 0x1f2
 456 06fc F3010000 		.word 0x1f3
ARM GAS  L:\Final year project 2011 amit\ADC.c.asm 			page 9


 457 0700 00000000 		.space 608
 457      00000000 
 457      00000000 
 457      00000000 
 457      00000000 
 458              	
 459              		.global Tempr
 460              		.p2align 2
 461              		.size Tempr, 2400
 462              	Tempr:
 463 0960 00000000 		.word 0x0
 464 0964 0000003E 		.word 0x3e000000
 465 0968 0000803E 		.word 0x3e800000
 466 096c 0000C03E 		.word 0x3ec00000
 467 0970 0000003F 		.word 0x3f000000
 468 0974 0000203F 		.word 0x3f200000
 469 0978 0000403F 		.word 0x3f400000
 470 097c 0000603F 		.word 0x3f600000
 471 0980 0000803F 		.word 0x3f800000
 472 0984 0000903F 		.word 0x3f900000
 473 0988 0000A03F 		.word 0x3fa00000
 474 098c 0000B03F 		.word 0x3fb00000
 475 0990 0000C03F 		.word 0x3fc00000
 476 0994 0000D03F 		.word 0x3fd00000
 477 0998 0000E03F 		.word 0x3fe00000
 478 099c 0000F03F 		.word 0x3ff00000
 479 09a0 00000040 		.word 0x40000000
 480 09a4 00000840 		.word 0x40080000
 481 09a8 00001040 		.word 0x40100000
 482 09ac 00001840 		.word 0x40180000
 483 09b0 00002040 		.word 0x40200000
 484 09b4 00002840 		.word 0x40280000
 485 09b8 00003040 		.word 0x40300000
 486 09bc 00003840 		.word 0x40380000
 487 09c0 00004040 		.word 0x40400000
 488 09c4 00004840 		.word 0x40480000
 489 09c8 00005040 		.word 0x40500000
 490 09cc 00005840 		.word 0x40580000
 491 09d0 00006040 		.word 0x40600000
 492 09d4 00006840 		.word 0x40680000
 493 09d8 00007040 		.word 0x40700000
 494 09dc 00007840 		.word 0x40780000
 495 09e0 00008040 		.word 0x40800000
 496 09e4 00008440 		.word 0x40840000
 497 09e8 00008840 		.word 0x40880000
 498 09ec 00008C40 		.word 0x408c0000
 499 09f0 00009040 		.word 0x40900000
 500 09f4 00009440 		.word 0x40940000
 501 09f8 00009840 		.word 0x40980000
 502 09fc 00009C40 		.word 0x409c0000
 503 0a00 0000A040 		.word 0x40a00000
 504 0a04 0000A440 		.word 0x40a40000
 505 0a08 0000A840 		.word 0x40a80000
 506 0a0c 0000AC40 		.word 0x40ac0000
 507 0a10 0000B040 		.word 0x40b00000
 508 0a14 0000B440 		.word 0x40b40000
 509 0a18 0000B840 		.word 0x40b80000
ARM GAS  L:\Final year project 2011 amit\ADC.c.asm 			page 10


 510 0a1c 0000BC40 		.word 0x40bc0000
 511 0a20 0000C040 		.word 0x40c00000
 512 0a24 0000C440 		.word 0x40c40000
 513 0a28 0000C840 		.word 0x40c80000
 514 0a2c 0000CC40 		.word 0x40cc0000
 515 0a30 0000D040 		.word 0x40d00000
 516 0a34 0000D440 		.word 0x40d40000
 517 0a38 0000D840 		.word 0x40d80000
 518 0a3c 0000DC40 		.word 0x40dc0000
 519 0a40 0000E040 		.word 0x40e00000
 520 0a44 0000E440 		.word 0x40e40000
 521 0a48 0000E840 		.word 0x40e80000
 522 0a4c 0000EC40 		.word 0x40ec0000
 523 0a50 0000F040 		.word 0x40f00000
 524 0a54 0000F440 		.word 0x40f40000
 525 0a58 0000F840 		.word 0x40f80000
 526 0a5c 0000FC40 		.word 0x40fc0000
 527 0a60 00000041 		.word 0x41000000
 528 0a64 00000241 		.word 0x41020000
 529 0a68 00000441 		.word 0x41040000
 530 0a6c 00000641 		.word 0x41060000
 531 0a70 00000841 		.word 0x41080000
 532 0a74 00000A41 		.word 0x410a0000
 533 0a78 00000C41 		.word 0x410c0000
 534 0a7c 00000E41 		.word 0x410e0000
 535 0a80 00001041 		.word 0x41100000
 536 0a84 00001241 		.word 0x41120000
 537 0a88 00001441 		.word 0x41140000
 538 0a8c 00001641 		.word 0x41160000
 539 0a90 00001841 		.word 0x41180000
 540 0a94 00001A41 		.word 0x411a0000
 541 0a98 00001C41 		.word 0x411c0000
 542 0a9c 00001E41 		.word 0x411e0000
 543 0aa0 00002041 		.word 0x41200000
 544 0aa4 00002241 		.word 0x41220000
 545 0aa8 00002441 		.word 0x41240000
 546 0aac 00002641 		.word 0x41260000
 547 0ab0 00002841 		.word 0x41280000
 548 0ab4 00002A41 		.word 0x412a0000
 549 0ab8 00002C41 		.word 0x412c0000
 550 0abc 00002E41 		.word 0x412e0000
 551 0ac0 00003041 		.word 0x41300000
 552 0ac4 00003241 		.word 0x41320000
 553 0ac8 00003441 		.word 0x41340000
 554 0acc 00003641 		.word 0x41360000
 555 0ad0 00003841 		.word 0x41380000
 556 0ad4 00003A41 		.word 0x413a0000
 557 0ad8 00003C41 		.word 0x413c0000
 558 0adc 00003E41 		.word 0x413e0000
 559 0ae0 00004041 		.word 0x41400000
 560 0ae4 00004241 		.word 0x41420000
 561 0ae8 00004441 		.word 0x41440000
 562 0aec 00004641 		.word 0x41460000
 563 0af0 00004841 		.word 0x41480000
 564 0af4 00004A41 		.word 0x414a0000
 565 0af8 00004C41 		.word 0x414c0000
 566 0afc 00004E41 		.word 0x414e0000
ARM GAS  L:\Final year project 2011 amit\ADC.c.asm 			page 11


 567 0b00 00005041 		.word 0x41500000
 568 0b04 00005241 		.word 0x41520000
 569 0b08 00005441 		.word 0x41540000
 570 0b0c 00005641 		.word 0x41560000
 571 0b10 00005841 		.word 0x41580000
 572 0b14 00005A41 		.word 0x415a0000
 573 0b18 00005C41 		.word 0x415c0000
 574 0b1c 00005E41 		.word 0x415e0000
 575 0b20 00006041 		.word 0x41600000
 576 0b24 00006241 		.word 0x41620000
 577 0b28 00006441 		.word 0x41640000
 578 0b2c 00006641 		.word 0x41660000
 579 0b30 00006841 		.word 0x41680000
 580 0b34 00006A41 		.word 0x416a0000
 581 0b38 00006C41 		.word 0x416c0000
 582 0b3c 00006E41 		.word 0x416e0000
 583 0b40 00007041 		.word 0x41700000
 584 0b44 00007241 		.word 0x41720000
 585 0b48 00007441 		.word 0x41740000
 586 0b4c 00007641 		.word 0x41760000
 587 0b50 00007841 		.word 0x41780000
 588 0b54 00007A41 		.word 0x417a0000
 589 0b58 00007C41 		.word 0x417c0000
 590 0b5c 00007E41 		.word 0x417e0000
 591 0b60 00008041 		.word 0x41800000
 592 0b64 00008141 		.word 0x41810000
 593 0b68 00008241 		.word 0x41820000
 594 0b6c 00008341 		.word 0x41830000
 595 0b70 00008441 		.word 0x41840000
 596 0b74 00008541 		.word 0x41850000
 597 0b78 00008641 		.word 0x41860000
 598 0b7c 00008741 		.word 0x41870000
 599 0b80 00008841 		.word 0x41880000
 600 0b84 00008941 		.word 0x41890000
 601 0b88 00008A41 		.word 0x418a0000
 602 0b8c 00008B41 		.word 0x418b0000
 603 0b90 00008C41 		.word 0x418c0000
 604 0b94 00008D41 		.word 0x418d0000
 605 0b98 00008E41 		.word 0x418e0000
 606 0b9c 00008F41 		.word 0x418f0000
 607 0ba0 00009041 		.word 0x41900000
 608 0ba4 00009141 		.word 0x41910000
 609 0ba8 00009241 		.word 0x41920000
 610 0bac 00009341 		.word 0x41930000
 611 0bb0 00009441 		.word 0x41940000
 612 0bb4 00009541 		.word 0x41950000
 613 0bb8 00009641 		.word 0x41960000
 614 0bbc 00009741 		.word 0x41970000
 615 0bc0 00009841 		.word 0x41980000
 616 0bc4 00009941 		.word 0x41990000
 617 0bc8 00009A41 		.word 0x419a0000
 618 0bcc 00009B41 		.word 0x419b0000
 619 0bd0 00009C41 		.word 0x419c0000
 620 0bd4 00009D41 		.word 0x419d0000
 621 0bd8 00009E41 		.word 0x419e0000
 622 0bdc 00009F41 		.word 0x419f0000
 623 0be0 0000A041 		.word 0x41a00000
ARM GAS  L:\Final year project 2011 amit\ADC.c.asm 			page 12


 624 0be4 0000A141 		.word 0x41a10000
 625 0be8 0000A241 		.word 0x41a20000
 626 0bec 0000A341 		.word 0x41a30000
 627 0bf0 0000A441 		.word 0x41a40000
 628 0bf4 0000A541 		.word 0x41a50000
 629 0bf8 0000A641 		.word 0x41a60000
 630 0bfc 0000A741 		.word 0x41a70000
 631 0c00 0000A041 		.word 0x41a00000
 632 0c04 0000A941 		.word 0x41a90000
 633 0c08 0000AA41 		.word 0x41aa0000
 634 0c0c 0000AB41 		.word 0x41ab0000
 635 0c10 0000AC41 		.word 0x41ac0000
 636 0c14 0000AD41 		.word 0x41ad0000
 637 0c18 0000AE41 		.word 0x41ae0000
 638 0c1c 0000AF41 		.word 0x41af0000
 639 0c20 0000B041 		.word 0x41b00000
 640 0c24 0000B141 		.word 0x41b10000
 641 0c28 0000B241 		.word 0x41b20000
 642 0c2c 0000B341 		.word 0x41b30000
 643 0c30 0000B441 		.word 0x41b40000
 644 0c34 0000B541 		.word 0x41b50000
 645 0c38 0000B641 		.word 0x41b60000
 646 0c3c 0000B741 		.word 0x41b70000
 647 0c40 0000B841 		.word 0x41b80000
 648 0c44 0000B941 		.word 0x41b90000
 649 0c48 0000BA41 		.word 0x41ba0000
 650 0c4c 0000BB41 		.word 0x41bb0000
 651 0c50 0000BC41 		.word 0x41bc0000
 652 0c54 0000BD41 		.word 0x41bd0000
 653 0c58 0000BE41 		.word 0x41be0000
 654 0c5c 0000BF41 		.word 0x41bf0000
 655 0c60 0000C041 		.word 0x41c00000
 656 0c64 0000C141 		.word 0x41c10000
 657 0c68 0000C241 		.word 0x41c20000
 658 0c6c 0000C341 		.word 0x41c30000
 659 0c70 0000C441 		.word 0x41c40000
 660 0c74 0000C541 		.word 0x41c50000
 661 0c78 0000C641 		.word 0x41c60000
 662 0c7c 0000C741 		.word 0x41c70000
 663 0c80 0000C841 		.word 0x41c80000
 664 0c84 0000C941 		.word 0x41c90000
 665 0c88 0000CA41 		.word 0x41ca0000
 666 0c8c 0000CB41 		.word 0x41cb0000
 667 0c90 0000CC41 		.word 0x41cc0000
 668 0c94 0000CD41 		.word 0x41cd0000
 669 0c98 0000CE41 		.word 0x41ce0000
 670 0c9c 0000CF41 		.word 0x41cf0000
 671 0ca0 0000D041 		.word 0x41d00000
 672 0ca4 0000D141 		.word 0x41d10000
 673 0ca8 0000D241 		.word 0x41d20000
 674 0cac 0000D341 		.word 0x41d30000
 675 0cb0 0000D441 		.word 0x41d40000
 676 0cb4 0000D541 		.word 0x41d50000
 677 0cb8 0000D641 		.word 0x41d60000
 678 0cbc 0000D741 		.word 0x41d70000
 679 0cc0 0000D841 		.word 0x41d80000
 680 0cc4 0000D941 		.word 0x41d90000
ARM GAS  L:\Final year project 2011 amit\ADC.c.asm 			page 13


 681 0cc8 0000DA41 		.word 0x41da0000
 682 0ccc 0000DB41 		.word 0x41db0000
 683 0cd0 0000DC41 		.word 0x41dc0000
 684 0cd4 0000DD41 		.word 0x41dd0000
 685 0cd8 0000DE41 		.word 0x41de0000
 686 0cdc 0000DF41 		.word 0x41df0000
 687 0ce0 0000E041 		.word 0x41e00000
 688 0ce4 0000E141 		.word 0x41e10000
 689 0ce8 0000E241 		.word 0x41e20000
 690 0cec 0000E341 		.word 0x41e30000
 691 0cf0 0000E441 		.word 0x41e40000
 692 0cf4 0000E541 		.word 0x41e50000
 693 0cf8 0000E641 		.word 0x41e60000
 694 0cfc 0000E741 		.word 0x41e70000
 695 0d00 0000E841 		.word 0x41e80000
 696 0d04 0000E941 		.word 0x41e90000
 697 0d08 0000EA41 		.word 0x41ea0000
 698 0d0c 0000EB41 		.word 0x41eb0000
 699 0d10 0000EC41 		.word 0x41ec0000
 700 0d14 0000ED41 		.word 0x41ed0000
 701 0d18 0000EE41 		.word 0x41ee0000
 702 0d1c 0000EF41 		.word 0x41ef0000
 703 0d20 0000F041 		.word 0x41f00000
 704 0d24 0000F141 		.word 0x41f10000
 705 0d28 0000F241 		.word 0x41f20000
 706 0d2c 0000F341 		.word 0x41f30000
 707 0d30 0000F441 		.word 0x41f40000
 708 0d34 0000F541 		.word 0x41f50000
 709 0d38 0000F641 		.word 0x41f60000
 710 0d3c 0000F741 		.word 0x41f70000
 711 0d40 0000F841 		.word 0x41f80000
 712 0d44 0000F941 		.word 0x41f90000
 713 0d48 0000FA41 		.word 0x41fa0000
 714 0d4c 0000FB41 		.word 0x41fb0000
 715 0d50 0000FC41 		.word 0x41fc0000
 716 0d54 0000FD41 		.word 0x41fd0000
 717 0d58 0000FE41 		.word 0x41fe0000
 718 0d5c 0000FF41 		.word 0x41ff0000
 719 0d60 00000042 		.word 0x42000000
 720 0d64 00800042 		.word 0x42008000
 721 0d68 00000142 		.word 0x42010000
 722 0d6c 00800142 		.word 0x42018000
 723 0d70 00000242 		.word 0x42020000
 724 0d74 00800242 		.word 0x42028000
 725 0d78 00000342 		.word 0x42030000
 726 0d7c 00800342 		.word 0x42038000
 727 0d80 00000442 		.word 0x42040000
 728 0d84 00800442 		.word 0x42048000
 729 0d88 00000542 		.word 0x42050000
 730 0d8c 00800542 		.word 0x42058000
 731 0d90 00000642 		.word 0x42060000
 732 0d94 00800642 		.word 0x42068000
 733 0d98 00000742 		.word 0x42070000
 734 0d9c 00800742 		.word 0x42078000
 735 0da0 00000842 		.word 0x42080000
 736 0da4 00800842 		.word 0x42088000
 737 0da8 00000942 		.word 0x42090000
ARM GAS  L:\Final year project 2011 amit\ADC.c.asm 			page 14


 738 0dac 00800942 		.word 0x42098000
 739 0db0 00000A42 		.word 0x420a0000
 740 0db4 00800A42 		.word 0x420a8000
 741 0db8 00000B42 		.word 0x420b0000
 742 0dbc 00800B42 		.word 0x420b8000
 743 0dc0 00000C42 		.word 0x420c0000
 744 0dc4 00800C42 		.word 0x420c8000
 745 0dc8 00000D42 		.word 0x420d0000
 746 0dcc 00800D42 		.word 0x420d8000
 747 0dd0 00000E42 		.word 0x420e0000
 748 0dd4 00800E42 		.word 0x420e8000
 749 0dd8 00000F42 		.word 0x420f0000
 750 0ddc 00800F42 		.word 0x420f8000
 751 0de0 00001042 		.word 0x42100000
 752 0de4 00801042 		.word 0x42108000
 753 0de8 00001142 		.word 0x42110000
 754 0dec 00801142 		.word 0x42118000
 755 0df0 00001242 		.word 0x42120000
 756 0df4 00801242 		.word 0x42128000
 757 0df8 00001342 		.word 0x42130000
 758 0dfc 00801342 		.word 0x42138000
 759 0e00 00001442 		.word 0x42140000
 760 0e04 00801442 		.word 0x42148000
 761 0e08 00001542 		.word 0x42150000
 762 0e0c 00801542 		.word 0x42158000
 763 0e10 00001642 		.word 0x42160000
 764 0e14 00801642 		.word 0x42168000
 765 0e18 00001742 		.word 0x42170000
 766 0e1c 00801742 		.word 0x42178000
 767 0e20 00001842 		.word 0x42180000
 768 0e24 00801842 		.word 0x42188000
 769 0e28 00001942 		.word 0x42190000
 770 0e2c 00801942 		.word 0x42198000
 771 0e30 00001A42 		.word 0x421a0000
 772 0e34 00801A42 		.word 0x421a8000
 773 0e38 00001B42 		.word 0x421b0000
 774 0e3c 00801B42 		.word 0x421b8000
 775 0e40 00001C42 		.word 0x421c0000
 776 0e44 00801C42 		.word 0x421c8000
 777 0e48 00001D42 		.word 0x421d0000
 778 0e4c 00801D42 		.word 0x421d8000
 779 0e50 00001E42 		.word 0x421e0000
 780 0e54 00801E42 		.word 0x421e8000
 781 0e58 00001F42 		.word 0x421f0000
 782 0e5c 00801F42 		.word 0x421f8000
 783 0e60 00002042 		.word 0x42200000
 784 0e64 00802042 		.word 0x42208000
 785 0e68 00002142 		.word 0x42210000
 786 0e6c 00802142 		.word 0x42218000
 787 0e70 00002242 		.word 0x42220000
 788 0e74 00802242 		.word 0x42228000
 789 0e78 00002342 		.word 0x42230000
 790 0e7c 00802342 		.word 0x42238000
 791 0e80 00002442 		.word 0x42240000
 792 0e84 00802442 		.word 0x42248000
 793 0e88 00002542 		.word 0x42250000
 794 0e8c 00802542 		.word 0x42258000
ARM GAS  L:\Final year project 2011 amit\ADC.c.asm 			page 15


 795 0e90 00002642 		.word 0x42260000
 796 0e94 00802642 		.word 0x42268000
 797 0e98 00002742 		.word 0x42270000
 798 0e9c 00802742 		.word 0x42278000
 799 0ea0 00002842 		.word 0x42280000
 800 0ea4 00802842 		.word 0x42288000
 801 0ea8 00002942 		.word 0x42290000
 802 0eac 00802942 		.word 0x42298000
 803 0eb0 00002A42 		.word 0x422a0000
 804 0eb4 00802A42 		.word 0x422a8000
 805 0eb8 00002B42 		.word 0x422b0000
 806 0ebc 00802B42 		.word 0x422b8000
 807 0ec0 00002C42 		.word 0x422c0000
 808 0ec4 00802C42 		.word 0x422c8000
 809 0ec8 00002D42 		.word 0x422d0000
 810 0ecc 00802D42 		.word 0x422d8000
 811 0ed0 00002E42 		.word 0x422e0000
 812 0ed4 00802E42 		.word 0x422e8000
 813 0ed8 00002F42 		.word 0x422f0000
 814 0edc 00802F42 		.word 0x422f8000
 815 0ee0 00003042 		.word 0x42300000
 816 0ee4 00803042 		.word 0x42308000
 817 0ee8 00003142 		.word 0x42310000
 818 0eec 00803142 		.word 0x42318000
 819 0ef0 00003242 		.word 0x42320000
 820 0ef4 00803242 		.word 0x42328000
 821 0ef8 00003342 		.word 0x42330000
 822 0efc 00803342 		.word 0x42338000
 823 0f00 00003442 		.word 0x42340000
 824 0f04 00803442 		.word 0x42348000
 825 0f08 00003542 		.word 0x42350000
 826 0f0c 00803542 		.word 0x42358000
 827 0f10 00003642 		.word 0x42360000
 828 0f14 00803642 		.word 0x42368000
 829 0f18 00003742 		.word 0x42370000
 830 0f1c 00803742 		.word 0x42378000
 831 0f20 00003842 		.word 0x42380000
 832 0f24 00803842 		.word 0x42388000
 833 0f28 00003942 		.word 0x42390000
 834 0f2c 00803942 		.word 0x42398000
 835 0f30 00003A42 		.word 0x423a0000
 836 0f34 00803A42 		.word 0x423a8000
 837 0f38 00003B42 		.word 0x423b0000
 838 0f3c 00803B42 		.word 0x423b8000
 839 0f40 00003C42 		.word 0x423c0000
 840 0f44 00803C42 		.word 0x423c8000
 841 0f48 00003D42 		.word 0x423d0000
 842 0f4c 00803D42 		.word 0x423d8000
 843 0f50 00003E42 		.word 0x423e0000
 844 0f54 00803E42 		.word 0x423e8000
 845 0f58 00003F42 		.word 0x423f0000
 846 0f5c 00803F42 		.word 0x423f8000
 847 0f60 00004042 		.word 0x42400000
 848 0f64 00804042 		.word 0x42408000
 849 0f68 00004142 		.word 0x42410000
 850 0f6c 00804142 		.word 0x42418000
 851 0f70 00004242 		.word 0x42420000
ARM GAS  L:\Final year project 2011 amit\ADC.c.asm 			page 16


 852 0f74 00804242 		.word 0x42428000
 853 0f78 00004342 		.word 0x42430000
 854 0f7c 00804342 		.word 0x42438000
 855 0f80 00004442 		.word 0x42440000
 856 0f84 00804442 		.word 0x42448000
 857 0f88 00004542 		.word 0x42450000
 858 0f8c 00804542 		.word 0x42458000
 859 0f90 00004642 		.word 0x42460000
 860 0f94 00804642 		.word 0x42468000
 861 0f98 00004742 		.word 0x42470000
 862 0f9c 00804742 		.word 0x42478000
 863 0fa0 00004842 		.word 0x42480000
 864 0fa4 00804842 		.word 0x42488000
 865 0fa8 00004942 		.word 0x42490000
 866 0fac 00804942 		.word 0x42498000
 867 0fb0 00004A42 		.word 0x424a0000
 868 0fb4 00804A42 		.word 0x424a8000
 869 0fb8 00004B42 		.word 0x424b0000
 870 0fbc 00804B42 		.word 0x424b8000
 871 0fc0 00004C42 		.word 0x424c0000
 872 0fc4 00804C42 		.word 0x424c8000
 873 0fc8 00004D42 		.word 0x424d0000
 874 0fcc 00804D42 		.word 0x424d8000
 875 0fd0 00004E42 		.word 0x424e0000
 876 0fd4 00804E42 		.word 0x424e8000
 877 0fd8 00004F42 		.word 0x424f0000
 878 0fdc 00804F42 		.word 0x424f8000
 879 0fe0 00005042 		.word 0x42500000
 880 0fe4 00805042 		.word 0x42508000
 881 0fe8 00005142 		.word 0x42510000
 882 0fec 00805142 		.word 0x42518000
 883 0ff0 00005242 		.word 0x42520000
 884 0ff4 00805242 		.word 0x42528000
 885 0ff8 00005342 		.word 0x42530000
 886 0ffc 00805342 		.word 0x42538000
 887 1000 00005442 		.word 0x42540000
 888 1004 00805442 		.word 0x42548000
 889 1008 00005542 		.word 0x42550000
 890 100c 00805542 		.word 0x42558000
 891 1010 00005642 		.word 0x42560000
 892 1014 00805642 		.word 0x42568000
 893 1018 00005742 		.word 0x42570000
 894 101c 00805742 		.word 0x42578000
 895 1020 00005842 		.word 0x42580000
 896 1024 00805842 		.word 0x42588000
 897 1028 00005942 		.word 0x42590000
 898 102c 00805942 		.word 0x42598000
 899 1030 00005A42 		.word 0x425a0000
 900 1034 00805A42 		.word 0x425a8000
 901 1038 00005B42 		.word 0x425b0000
 902 103c 00805B42 		.word 0x425b8000
 903 1040 00005C42 		.word 0x425c0000
 904 1044 00805C42 		.word 0x425c8000
 905 1048 00005D42 		.word 0x425d0000
 906 104c 00805D42 		.word 0x425d8000
 907 1050 00005E42 		.word 0x425e0000
 908 1054 00805E42 		.word 0x425e8000
ARM GAS  L:\Final year project 2011 amit\ADC.c.asm 			page 17


 909 1058 00005F42 		.word 0x425f0000
 910 105c 00805F42 		.word 0x425f8000
 911 1060 00006042 		.word 0x42600000
 912 1064 00806042 		.word 0x42608000
 913 1068 00006142 		.word 0x42610000
 914 106c 00806142 		.word 0x42618000
 915 1070 00006242 		.word 0x42620000
 916 1074 00806242 		.word 0x42628000
 917 1078 00006342 		.word 0x42630000
 918 107c 00806342 		.word 0x42638000
 919 1080 00006442 		.word 0x42640000
 920 1084 00000000 		.space 572
 920      00000000 
 920      00000000 
 920      00000000 
 920      00000000 
 921              	
 922              		.data
 923              	
 924              		.global g_uiNum
 925              		.comm g_uiNum,4,4
 926              	
 927              		.section .initdata
 928              		.p2align 2
 929 0000 00000000 		.word g_uiNum
 930 0004 04000000 		.word 4
 931 0008 00000000 		.word 0x0
 932              	
 933              		.global g_uiReading
 934              		.comm g_uiReading,4,4
 935              	
 936              		.section .initdata
 937              		.p2align 2
 938 000c 00000000 		.word g_uiReading
 939 0010 04000000 		.word 4
 940 0014 00000000 		.word 0x0
 941              	
 942              		.global g_uiRefRead
 943              		.comm g_uiRefRead,4,4
 944              	
 945              		.section .initdata
 946              		.p2align 2
 947 0018 00000000 		.word g_uiRefRead
 948 001c 04000000 		.word 4
 949 0020 00000000 		.word 0x0
 950              	
 951              		.global PrevTempRead
 952              		.comm PrevTempRead,4,4
 953              	
 954              		.section .initdata
 955              		.p2align 2
 956 0024 00000000 		.word PrevTempRead
 957 0028 04000000 		.word 4
 958 002c 00000000 		.word 0x0
 959              	
 960              		.global g_uiTempRead
 961              		.comm g_uiTempRead,4,4
ARM GAS  L:\Final year project 2011 amit\ADC.c.asm 			page 18


 962              	
 963              		.section .initdata
 964              		.p2align 2
 965 0030 00000000 		.word g_uiTempRead
 966 0034 04000000 		.word 4
 967 0038 00000000 		.word 0x0
 968              	
 969              		.global g_usADCData
 970              		.comm g_usADCData,2,4
 971              	
 972              		.section .initdata
 973              		.p2align 2
 974 003c 00000000 		.word g_usADCData
 975 0040 02000000 		.word 2
 976 0044 0000     		.short 0x0
 977              	
 978              		.global ADC_Init
 979              	
 980 0046 0000     		.text
 981              	
 982              		.p2align 2
 983              	
 984              		.text
 985              	ADC_Init:
 986 12c0 0DC0A0E1 		mov	R12, sp
 987 12c4 30582DE9 		stmfd	sp!, {R4, R5, R11, R12, lr}
 988 12c8 0DB0A0E1 		mov R11,R13
 989              	
 990              	@line 31,0	{   
 991              	
 992              	
 993              	@line 33,0		PINSEL1 = 0x03000000 ;	//P0.28,AD0.1 & P0.29
 994              	
 995 12cc 14409FE5 		ldr	R4, LIT.ADC_Init0+0
 996 12d0 14509FE5 		ldr	R5, LIT.ADC_Init0+4
 997 12d4 005084E5 		str	R5, [R4]
 998              	
 999              	@line 34,0		PINSEL0 = 0x00000000 ;  // PINSEL(0,1,2) = 0 configures pins as GPIO
 1000              	
 1001 12d8 10409FE5 		ldr	R4, LIT.ADC_Init0+8
 1002 12dc 0050A0E3 		mov	R5, #0
 1003              	
 1004 12e0 005084E5 		str	R5, [R4]
 1005              	
 1006              	@line 35,0	}
 1007              	
 1008              	L.1:
 1009 12e4 30A89BE8 		ldmfd	R11, {R4, R5, R11, sp, pc}
 1010              	
 1011              		.p2align 2
 1012              	LIT.ADC_Init0:
 1013 12e8 04C002E0 		.word 0xE002C004
 1014 12ec 00000003 		.word 0x3000000
 1015 12f0 00C002E0 		.word 0xE002C000
 1016              	
 1017              	
 1018              	
ARM GAS  L:\Final year project 2011 amit\ADC.c.asm 			page 19


 1019              		.global ADC_GetAdcReading
 1020              		@------------- locals ---------------------
 1021              		@adcdata -- R11 - (4)
 1022              	
 1023              		.p2align 2
 1024              	
 1025              		.text
 1026              	ADC_GetAdcReading:
 1027 12f4 0DC0A0E1 		mov	R12, sp
 1028 12f8 30582DE9 		stmfd	sp!, {R4, R5, R11, R12, lr}
 1029 12fc 0DB0A0E1 		mov R11,R13
 1030 1300 04D04DE2 		sub	sp, sp, #1 * 4
 1031              	
 1032              	@line 37,0	{
 1033              	
 1034              	
 1035              	@line 39,0		AD0CR = 0x01200302 ;
 1036              	
 1037 1304 40409FE5 		ldr	R4, LIT.ADC_GetAdcReading0+0
 1038 1308 40509FE5 		ldr	R5, LIT.ADC_GetAdcReading0+4
 1039 130c 005084E5 		str	R5, [R4]
 1040              	L.3:
 1041              	
 1042              	@line 41,1		{
 1043              	
 1044              	
 1045              	@line 42,1		}
 1046              	
 1047              	L.4:
 1048              	
 1049              	@line 40,7	
 1050 1310 3C409FE5 		ldr	R4, LIT.ADC_GetAdcReading0+8
 1051 1314 004094E5 		ldr	R4,[R4]
 1052 1318 04400BE5 		str	R4, [R11, #-4]
 1053 131c 34509FE5 		ldr	R5, LIT.ADC_GetAdcReading0+12
 1054 1320 054004E0 		and R4, R4, R5
 1055 1324 0050A0E3 		mov	R5, #0
 1056              	
 1057 1328 050054E1 		cmp	R4,R5
 1058 132c C204000A 		beq	L.3
 1059              	
 1060              	@line 43,7		return((adcdata >> 6) & 0x3ff) ;
 1061              	
 1062 1330 04401BE5 		ldr	R4,[R11, #-4]
 1063 1334 0650A0E3 		mov	R5, #6
 1064              	
 1065 1338 3445A0E1 		mov R4, R4, lsr R5
 1066 133c FF5FA0E3 		mov	R5, #1020
 1067 1340 035085E2 		add	R5, R5, #3
 1068              	
 1069 1344 050004E0 		and R0, R4, R5
 1070              	L.2:
 1071 1348 30A89BE8 		ldmfd	R11, {R4, R5, R11, sp, pc}
 1072              	
 1073              		.p2align 2
 1074              	LIT.ADC_GetAdcReading0:
 1075 134c 004003E0 		.word 0xE0034000
ARM GAS  L:\Final year project 2011 amit\ADC.c.asm 			page 20


 1076 1350 02032001 		.word 0x1200302
 1077 1354 044003E0 		.word 0xE0034004
 1078 1358 00000080 		.word 0x80000000
 1079              	
 1080              	
 1081              	
 1082              		.global delay
 1083              		@------------- locals ---------------------
 1084              		@i -- R11 - (4)
 1085              	
 1086              		.p2align 2
 1087              	
 1088              		.text
 1089              	delay:
 1090 135c 0DC0A0E1 		mov	R12, sp
 1091 1360 30582DE9 		stmfd	sp!, {R4, R5, R11, R12, lr}
 1092 1364 0DB0A0E1 		mov R11,R13
 1093 1368 04D04DE2 		sub	sp, sp, #1 * 4
 1094              	
 1095              	@line 47,0	{
 1096              	
 1097              	
 1098              	@line 49,6		for (i=0;i<30000;i++) ;
 1099              	
 1100 136c 0040A0E3 		mov	R4, #0
 1101              	
 1102 1370 04400BE5 		str	R4, [R11, #-4]
 1103              	L.7:
 1104              	
 1105              	@line 49,23	
 1106              	L.8:
 1107              	
 1108              	@line 49,18	
 1109 1374 04401BE5 		ldr	R4,[R11, #-4]
 1110 1378 014084E2 		add	R4, R4, #1
 1111 137c 04400BE5 		str	R4, [R11, #-4]
 1112              	
 1113              	@line 49,10	
 1114 1380 04401BE5 		ldr	R4,[R11, #-4]
 1115 1384 08509FE5 		ldr	R5, LIT.delay0+0
 1116 1388 050054E1 		cmp	R4,R5
 1117 138c DB0400BA 		blt	L.7
 1118              	
 1119              	@line 51,0	}
 1120              	
 1121              	L.6:
 1122 1390 30A89BE8 		ldmfd	R11, {R4, R5, R11, sp, pc}
 1123              	
 1124              		.p2align 2
 1125              	LIT.delay0:
 1126 1394 30750000 		.word 0x7530
 1127              	
 1128              	
 1129              	
 1130              		.global main
 1131              		@------------- locals ---------------------
 1132              		@i -- R11 - (1)
ARM GAS  L:\Final year project 2011 amit\ADC.c.asm 			page 21


 1133              		@delay -- R11 - (8)
 1134              		@RawRead1 -- R11 - (12)
 1135              		@uiTempRead -- R11 - (16)
 1136              		@adcreading -- R11 - (32)
 1137              	
 1138              		.p2align 2
 1139              	
 1140              		.text
 1141              	main:
 1142 1398 0DC0A0E1 		mov	R12, sp
 1143 139c 70582DE9 		stmfd	sp!, {R4, R5, R6, R11, R12, lr}
 1144 13a0 0DB0A0E1 		mov R11,R13
 1145 13a4 30D04DE2 		sub	sp, sp, #12 * 4
 1146              	
 1147              	@line 97,0	{
 1148              	
 1149              	
 1150              	@line 103,1		InitUart0() ;
 1151              	
 1152 13a8 FEFFFFEB 		bl	InitUart0
 1153              	
 1154              	@line 104,1		LcdInit ();
 1155              	
 1156 13ac FEFFFFEB 		bl	LcdInit
 1157              	
 1158              	@line 105,1		DisplayRow(1,"B.N.C.O.E.Pusad") ;
 1159              	
 1160 13b0 0100A0E3 		mov	R0, #1
 1161              	
 1162 13b4 BC119FE5 		ldr	R1, LIT.main0+0
 1163 13b8 FEFFFFEB 		bl	DisplayRow
 1164              	
 1165              	@line 106,1		ADC_Init() ;
 1166              	
 1167 13bc FEFFFFEB 		bl	ADC_Init
 1168 13c0 5A0500EA 		b	L.14
 1169              	L.13:
 1170              	
 1171              	@line 108,1		{
 1172              	
 1173              	
 1174              	@line 110,2			g_usADCData  = ADC_GetAdcReading() ;
 1175              	
 1176 13c4 FEFFFFEB 		bl	ADC_GetAdcReading
 1177 13c8 AC519FE5 		ldr	R5, LIT.main0+4
 1178 13cc 0040A0E1 		mov	R4, R0
 1179 13d0 B040C5E1 		strh	R4, [R5]
 1180              	
 1181              	@line 112,2			g_uiRawReading =g_usADCData;
 1182              	
 1183 13d4 A4419FE5 		ldr	R4, LIT.main0+8
 1184 13d8 9C519FE5 		ldr	R5, LIT.main0+4
 1185 13dc B050D5E1 		ldrh	R5,[R5]
 1186 13e0 005084E5 		str	R5, [R4]
 1187              	
 1188              	@line 114,2			printf("ADCData = 0x%03X  %u\n",g_uiRawReading,g_uiRawReading) ;
 1189              	
ARM GAS  L:\Final year project 2011 amit\ADC.c.asm 			page 22


 1190 13e4 98019FE5 		ldr	R0, LIT.main0+12
 1191 13e8 90419FE5 		ldr	R4, LIT.main0+8
 1192 13ec 004094E5 		ldr	R4,[R4]
 1193 13f0 0410A0E1 		mov	R1, R4
 1194 13f4 0420A0E1 		mov	R2, R4
 1195 13f8 FEFFFFEB 		bl	printf
 1196              	
 1197              	@line 116,6			for(i=0;i<600;i++)
 1198              	
 1199 13fc 0040A0E3 		mov	R4, #0
 1200              	
 1201 1400 01404BE5 		strb	R4, [R11, #-1]
 1202 1404 4C0500EA 		b	L.20
 1203              	L.17:
 1204              	
 1205              	@line 117,2			{
 1206              	
 1207              	
 1208              	@line 118,3				uiTempRead = Reading[i+1] ;
 1209              	
 1210 1408 01405BE5 		ldrb	R4,[R11, #-1]
 1211 140c 0250A0E3 		mov	R5, #2
 1212              	
 1213 1410 1445A0E1 		mov R4, R4, lsl R5
 1214 1414 6C519FE5 		ldr	R5, LIT.main0+16
 1215 1418 054084E0 		add	R4, R4, R5
 1216 141c 004094E5 		ldr	R4,[R4]
 1217 1420 10400BE5 		str	R4, [R11, #-16]
 1218              	
 1219              	@line 119,3				RawRead1 = Reading[i] ;
 1220              	
 1221 1424 01405BE5 		ldrb	R4,[R11, #-1]
 1222 1428 0250A0E3 		mov	R5, #2
 1223              	
 1224 142c 1445A0E1 		mov R4, R4, lsl R5
 1225 1430 54519FE5 		ldr	R5, LIT.main0+20
 1226 1434 054084E0 		add	R4, R4, R5
 1227 1438 004094E5 		ldr	R4,[R4]
 1228 143c 0C400BE5 		str	R4, [R11, #-12]
 1229              	
 1230              	@line 121,6				if(g_uiRawReading == RawRead1)
 1231              	
 1232 1440 38419FE5 		ldr	R4, LIT.main0+8
 1233 1444 004094E5 		ldr	R4,[R4]
 1234 1448 0C501BE5 		ldr	R5,[R11, #-12]
 1235 144c 050054E1 		cmp	R4,R5
 1236 1450 4905001A 		bne	L.22
 1237              	
 1238              	@line 122,3				{
 1239              	
 1240              	
 1241              	@line 123,4					g_uiTempRead= Tempr[i] ;
 1242              	
 1243 1454 34419FE5 		ldr	R4, LIT.main0+24
 1244 1458 01505BE5 		ldrb	R5,[R11, #-1]
 1245 145c 0260A0E3 		mov	R6, #2
 1246              	
ARM GAS  L:\Final year project 2011 amit\ADC.c.asm 			page 23


 1247 1460 1556A0E1 		mov R5, R5, lsl R6
 1248 1464 28619FE5 		ldr	R6, LIT.main0+28
 1249 1468 065085E0 		add	R5, R5, R6
 1250 146c 005095E5 		ldr	R5,[R5]
 1251 1470 005084E5 		str	R5, [R4]
 1252              	
 1253              	@line 125,4					printf("\nTemp Reading:%3.3f\n",g_uiTempRead) ;	
 1254              	
 1255 1474 14419FE5 		ldr	R4, LIT.main0+24
 1256 1478 000094E5 		ldr	R0,[R4]
 1257 147c FEFFFFEB 		bl	cvFD
 1258 1480 0150A0E1 		mov	R5, R1
 1259 1484 0040A0E1 		mov	R4, R0
 1260 1488 08019FE5 		ldr	R0, LIT.main0+32
 1261 148c 0410A0E1 		mov	R1, R4
 1262 1490 0520A0E1 		mov	R2, R5
 1263 1494 FEFFFFEB 		bl	printf
 1264              	
 1265              	@line 127,7					if(g_uiTempRead>=33)
 1266              	
 1267 1498 F0409FE5 		ldr	R4, LIT.main0+24
 1268 149c 000094E5 		ldr	R0,[R4]
 1269 14a0 F4409FE5 		ldr	R4, LIT.main0+36
 1270 14a4 001094E5 		ldr	R1,[R4]
 1271 14a8 FEFFFFEB 		bl	cmpF4
 1272 14ac 000050E3 		cmp	R0, #0
 1273 14b0 350500BA 		blt	L.25
 1274              	
 1275              	@line 128,4					{
 1276              	
 1277              	
 1278              	@line 130,0						IO0DIR=0x20000000;	// P0.29is output
 1279              	
 1280 14b4 E4409FE5 		ldr	R4, LIT.main0+40
 1281 14b8 E4509FE5 		ldr	R5, LIT.main0+44
 1282 14bc 005084E5 		str	R5, [R4]
 1283              	
 1284              	@line 131,0						IO1DIR=0x00000000;	//for F place P1.0-P1.31 are output
 1285              	
 1286 14c0 E0409FE5 		ldr	R4, LIT.main0+48
 1287 14c4 0050A0E3 		mov	R5, #0
 1288              	
 1289 14c8 005084E5 		str	R5, [R4]
 1290              	
 1291              	@line 136,0					IO0CLR = 0x20000000;//P0.29 is set to low i.e 0
 1292              	
 1293 14cc D8409FE5 		ldr	R4, LIT.main0+52
 1294 14d0 CC509FE5 		ldr	R5, LIT.main0+44
 1295 14d4 005084E5 		str	R5, [R4]
 1296              	
 1297              	@line 139,4					}
 1298              	
 1299 14d8 3B0500EA 		b	L.26
 1300              	L.25:
 1301              	
 1302              	@line 141,4					{
 1303              	
ARM GAS  L:\Final year project 2011 amit\ADC.c.asm 			page 24


 1304              	
 1305              	@line 142,0					IO0DIR=0x20000000;	// P0.29is output
 1306              	
 1307 14dc BC409FE5 		ldr	R4, LIT.main0+40
 1308 14e0 BC509FE5 		ldr	R5, LIT.main0+44
 1309 14e4 005084E5 		str	R5, [R4]
 1310              	
 1311              	@line 143,0					IO0SET = 0x20000000; //P0.29 is set to high i.e 1
 1312              	
 1313 14e8 C0409FE5 		ldr	R4, LIT.main0+56
 1314 14ec B0509FE5 		ldr	R5, LIT.main0+44
 1315 14f0 005084E5 		str	R5, [R4]
 1316              	
 1317              	@line 144,4					}
 1318              	
 1319              	L.26:
 1320              	
 1321              	@line 146,4					sprintf(adcreading,"Tempr =%3.3f",g_uiTempRead) ;
 1322              	
 1323 14f4 94409FE5 		ldr	R4, LIT.main0+24
 1324 14f8 000094E5 		ldr	R0,[R4]
 1325 14fc FEFFFFEB 		bl	cvFD
 1326 1500 0150A0E1 		mov	R5, R1
 1327 1504 0040A0E1 		mov	R4, R0
 1328 1508 20004BE2 		add	R0, R11, #-32
 1329 150c A0109FE5 		ldr	R1, LIT.main0+60
 1330 1510 0420A0E1 		mov	R2, R4
 1331 1514 0530A0E1 		mov	R3, R5
 1332 1518 FEFFFFEB 		bl	sprintf
 1333              	
 1334              	@line 147,4					DisplayRow(2,adcreading) ;
 1335              	
 1336 151c 0200A0E3 		mov	R0, #2
 1337              	
 1338 1520 20104BE2 		add	R1, R11, #-32
 1339 1524 FEFFFFEB 		bl	DisplayRow
 1340              	
 1341              	@line 150,4					break ;
 1342              	
 1343 1528 500500EA 		b	L.19
 1344              	L.22:
 1345              	
 1346              	@line 152,3			 }
 1347              	
 1348              	L.18:
 1349              	
 1350              	@line 116,16	
 1351 152c 01405BE5 		ldrb	R4,[R11, #-1]
 1352 1530 014084E2 		add	R4, R4, #1
 1353 1534 01404BE5 		strb	R4, [R11, #-1]
 1354              	L.20:
 1355              	
 1356              	@line 116,10	
 1357 1538 01405BE5 		ldrb	R4,[R11, #-1]
 1358 153c 74509FE5 		ldr	R5, LIT.main0+64
 1359 1540 050054E1 		cmp	R4,R5
 1360 1544 000500BA 		blt	L.17
ARM GAS  L:\Final year project 2011 amit\ADC.c.asm 			page 25


 1361              	L.19:
 1362              	
 1363              	@line 153,6			for(delay=0;delay<60000;delay++);
 1364              	
 1365 1548 0040A0E3 		mov	R4, #0
 1366              	
 1367 154c 08400BE5 		str	R4, [R11, #-8]
 1368 1550 560500EA 		b	L.32
 1369              	L.29:
 1370              	
 1371              	@line 153,34	
 1372              	L.30:
 1373              	
 1374              	@line 153,26	
 1375 1554 08401BE5 		ldr	R4,[R11, #-8]
 1376 1558 014084E2 		add	R4, R4, #1
 1377 155c 08400BE5 		str	R4, [R11, #-8]
 1378              	L.32:
 1379              	
 1380              	@line 153,14	
 1381 1560 08401BE5 		ldr	R4,[R11, #-8]
 1382 1564 50509FE5 		ldr	R5, LIT.main0+68
 1383 1568 050054E1 		cmp	R4,R5
 1384 156c 5305003A 		blo	L.29
 1385              	
 1386              	@line 154,1		}	
 1387              	
 1388              	L.14:
 1389              	
 1390              	@line 107,7	
 1391 1570 EF0400EA 		b	L.13
 1392              	
 1393              	@line 156,0	}
 1394              	
 1395              	L.11:
 1396 1574 70A89BE8 		ldmfd	R11, {R4, R5, R6, R11, sp, pc}
 1397              	
 1398              		.p2align 2
 1399              	LIT.main0:
 1400 1578 04160000 		.word L.12
 1401 157c 00000000 		.word g_usADCData
 1402 1580 00000000 		.word g_uiRawReading
 1403 1584 EC150000 		.word L.16
 1404 1588 04000000 		.word Reading+4
 1405 158c 00000000 		.word Reading
 1406 1590 00000000 		.word g_uiTempRead
 1407 1594 00000000 		.word Tempr
 1408 1598 D4150000 		.word L.24
 1409 159c D0150000 		.word L.27
 1410 15a0 088002E0 		.word 0xE0028008
 1411 15a4 00000020 		.word 0x20000000
 1412 15a8 188002E0 		.word 0xE0028018
 1413 15ac 0C8002E0 		.word 0xE002800C
 1414 15b0 048002E0 		.word 0xE0028004
 1415 15b4 C0150000 		.word L.28
 1416 15b8 58020000 		.word 0x258
 1417 15bc 60EA0000 		.word 0xEA60
ARM GAS  L:\Final year project 2011 amit\ADC.c.asm 			page 26


 1418              	
 1419              		.global	cmpF4
 1420              		.global	cvFD
 1421              	
 1422              	
 1423              		.global g_uiRawReading
 1424              		.lcomm g_uiRawReading,4
 1425              	
 1426              		.global line2
 1427              		.lcomm line2,16
 1428              	
 1429              		.global line1
 1430              		.lcomm line1,16
 1431              	
 1432              		.global g_byRecords
 1433              		.lcomm g_byRecords,1
 1434              	
 1435              		.text
 1436              		.p2align 2
 1437              		.size L.28, 13
 1438              	L.28:
 1439 15c0 54656D70 		.byte 84, 101, 109, 112
 1440 15c4 72203D25 		.byte 114, 32, 61, 37
 1441 15c8 332E3366 		.byte 51, 46, 51, 102
 1442 15cc 00       		.byte 0
 1443 15cd 000000   		.p2align 2
 1444              		.size L.27, 4
 1445              	L.27:
 1446 15d0 00000442 		.word 0x42040000
 1447              		.p2align 2
 1448              		.size L.24, 21
 1449              	L.24:
 1450 15d4 0A54656D 		.byte 10, 84, 101, 109
 1451 15d8 70205265 		.byte 112, 32, 82, 101
 1452 15dc 6164696E 		.byte 97, 100, 105, 110
 1453 15e0 673A2533 		.byte 103, 58, 37, 51
 1454 15e4 2E33660A 		.byte 46, 51, 102, 10
 1455 15e8 00       		.byte 0
 1456 15e9 000000   		.p2align 2
 1457              		.size L.16, 22
 1458              	L.16:
 1459 15ec 41444344 		.byte 65, 68, 67, 68
 1460 15f0 61746120 		.byte 97, 116, 97, 32
 1461 15f4 3D203078 		.byte 61, 32, 48, 120
 1462 15f8 25303358 		.byte 37, 48, 51, 88
 1463 15fc 20202575 		.byte 32, 32, 37, 117
 1464 1600 0A00     		.byte 10, 0
 1465 1602 0000     		.p2align 2
 1466              		.size L.12, 16
 1467              	L.12:
 1468 1604 422E4E2E 		.byte 66, 46, 78, 46
 1469 1608 432E4F2E 		.byte 67, 46, 79, 46
 1470 160c 452E5075 		.byte 69, 46, 80, 117
 1471 1610 73616400 		.byte 115, 97, 100, 0
