ARM GAS  D:\Final year project 2011 amit\LCD.asm 			page 1


   1              	.file "D:\Final year project 2011 amit\LCD.c"
   2              	
   3              		.global SmallDelay
   4              	
   5              		.text
   6              	
   7              		.p2align 2
   8              	
   9              		.text
  10              	SmallDelay:
  11              	
  12              	@line 3,0	{
  13              	
  14              	
  15              	@line 4,0	}
  16              	
  17              	L.1:
  18 0000 0EF0A0E1 		mov pc, lr
  19              	
  20              		.p2align 2
  21              	
  22              	
  23              		.global LcdCmd1
  24              		@------------- parameters -----------------
  25              		@cmd -- R11 - (4)
  26              		@------------- locals ---------------------
  27              		@temp -- R11 - (8)
  28              	
  29              		.p2align 2
  30              	
  31              		.text
  32              	LcdCmd1:
  33 0004 0DC0A0E1 		mov	R12, sp
  34 0008 71582DE9 		stmfd	sp!, {R0, R4, R5, R6, R11, R12, lr}
  35 000c 04B08DE2 		add R11,R13,#4
  36 0010 04D04DE2 		sub	sp, sp, #1 * 4
  37 0014 04401BE5 		ldr	R4,[R11, #-4]
  38 0018 04404BE5 		strb	R4, [R11, #-4]
  39              	
  40              	@line 6,0	{
  41              	
  42              	
  43              	@line 8,0		IO0SET = temp = 0x0F0000 & (cmd << 16) ;
  44              	
  45 001c 04405BE5 		ldrb	R4,[R11, #-4]
  46 0020 1050A0E3 		mov	R5, #16
  47              	
  48 0024 1445A0E1 		mov R4, R4, lsl R5
  49 0028 50509FE5 		ldr	R5, LIT.LcdCmd10+0
  50 002c 054004E0 		and R4, R4, R5
  51 0030 08400BE5 		str	R4, [R11, #-8]
  52 0034 48509FE5 		ldr	R5, LIT.LcdCmd10+4
  53 0038 004085E5 		str	R4, [R5]
  54              	
  55              	@line 9,0		IO0CLR = (temp ^ 0x0F0000) | 0x500000 ;
  56              	
  57 003c 44409FE5 		ldr	R4, LIT.LcdCmd10+8
ARM GAS  D:\Final year project 2011 amit\LCD.asm 			page 2


  58 0040 08501BE5 		ldr	R5,[R11, #-8]
  59 0044 40609FE5 		ldr	R6, LIT.LcdCmd10+12
  60 0048 065025E0 		eor R5, R5, R6
  61 004c 3C609FE5 		ldr	R6, LIT.LcdCmd10+16
  62 0050 065085E1 		orr R5, R5, R6
  63 0054 005084E5 		str	R5, [R4]
  64              	
  65              	@line 10,1		SmallDelay() ;
  66              	
  67 0058 FEFFFFEB 		bl	SmallDelay
  68              	
  69              	@line 12,0		IO0SET = 0x400000 ;
  70              	
  71 005c 20409FE5 		ldr	R4, LIT.LcdCmd10+4
  72 0060 2C509FE5 		ldr	R5, LIT.LcdCmd10+20
  73 0064 005084E5 		str	R5, [R4]
  74              	
  75              	@line 13,1		SmallDelay() ;
  76              	
  77 0068 FEFFFFEB 		bl	SmallDelay
  78              	
  79              	@line 15,0		IO0CLR = 0x400000 ;
  80              	
  81 006c 14409FE5 		ldr	R4, LIT.LcdCmd10+8
  82 0070 1C509FE5 		ldr	R5, LIT.LcdCmd10+20
  83 0074 005084E5 		str	R5, [R4]
  84              	
  85              	@line 16,1		SmallDelay() ;
  86              	
  87 0078 FEFFFFEB 		bl	SmallDelay
  88              	
  89              	@line 17,0	}
  90              	
  91              	L.2:
  92 007c 70A89BE8 		ldmfd	R11, {R4, R5, R6, R11, sp, pc}
  93              	
  94              		.p2align 2
  95              	LIT.LcdCmd10:
  96 0080 00000F00 		.word 0xF0000
  97 0084 048002E0 		.word 0xE0028004
  98 0088 0C8002E0 		.word 0xE002800C
  99 008c 00000F00 		.word 0xF0000
 100 0090 00005000 		.word 0x500000
 101 0094 00004000 		.word 0x400000
 102              	
 103              	
 104              	
 105              		.global LcdDat1
 106              		@------------- parameters -----------------
 107              		@dat -- R11 - (4)
 108              		@------------- locals ---------------------
 109              		@temp -- R11 - (8)
 110              	
 111              		.p2align 2
 112              	
 113              		.text
 114              	LcdDat1:
ARM GAS  D:\Final year project 2011 amit\LCD.asm 			page 3


 115 0098 0DC0A0E1 		mov	R12, sp
 116 009c 71582DE9 		stmfd	sp!, {R0, R4, R5, R6, R11, R12, lr}
 117 00a0 04B08DE2 		add R11,R13,#4
 118 00a4 04D04DE2 		sub	sp, sp, #1 * 4
 119 00a8 04401BE5 		ldr	R4,[R11, #-4]
 120 00ac 04404BE5 		strb	R4, [R11, #-4]
 121              	
 122              	@line 19,0	{
 123              	
 124              	
 125              	@line 21,0		IO0SET = temp = (0x0F0000 & (dat << 16)) | 0x100000 ;
 126              	
 127 00b0 04405BE5 		ldrb	R4,[R11, #-4]
 128 00b4 1050A0E3 		mov	R5, #16
 129              	
 130 00b8 1445A0E1 		mov R4, R4, lsl R5
 131 00bc 58509FE5 		ldr	R5, LIT.LcdDat10+0
 132 00c0 054004E0 		and R4, R4, R5
 133 00c4 54509FE5 		ldr	R5, LIT.LcdDat10+4
 134 00c8 054084E1 		orr R4, R4, R5
 135 00cc 08400BE5 		str	R4, [R11, #-8]
 136 00d0 4C509FE5 		ldr	R5, LIT.LcdDat10+8
 137 00d4 004085E5 		str	R4, [R5]
 138              	
 139              	@line 22,0		IO0CLR = (temp ^ 0x1F0000) | 0x400000 ;
 140              	
 141 00d8 48409FE5 		ldr	R4, LIT.LcdDat10+12
 142 00dc 08501BE5 		ldr	R5,[R11, #-8]
 143 00e0 44609FE5 		ldr	R6, LIT.LcdDat10+16
 144 00e4 065025E0 		eor R5, R5, R6
 145 00e8 40609FE5 		ldr	R6, LIT.LcdDat10+20
 146 00ec 065085E1 		orr R5, R5, R6
 147 00f0 005084E5 		str	R5, [R4]
 148              	
 149              	@line 23,1		SmallDelay() ;
 150              	
 151 00f4 FEFFFFEB 		bl	SmallDelay
 152              	
 153              	@line 25,0		IO0SET = 0x400000 ;
 154              	
 155 00f8 24409FE5 		ldr	R4, LIT.LcdDat10+8
 156 00fc 2C509FE5 		ldr	R5, LIT.LcdDat10+20
 157 0100 005084E5 		str	R5, [R4]
 158              	
 159              	@line 26,1		SmallDelay() ;
 160              	
 161 0104 FEFFFFEB 		bl	SmallDelay
 162              	
 163              	@line 28,0		IO0CLR = 0x400000 ;
 164              	
 165 0108 18409FE5 		ldr	R4, LIT.LcdDat10+12
 166 010c 1C509FE5 		ldr	R5, LIT.LcdDat10+20
 167 0110 005084E5 		str	R5, [R4]
 168              	
 169              	@line 29,1		SmallDelay() ;
 170              	
 171 0114 FEFFFFEB 		bl	SmallDelay
ARM GAS  D:\Final year project 2011 amit\LCD.asm 			page 4


 172              	
 173              	@line 30,0	}
 174              	
 175              	L.3:
 176 0118 70A89BE8 		ldmfd	R11, {R4, R5, R6, R11, sp, pc}
 177              	
 178              		.p2align 2
 179              	LIT.LcdDat10:
 180 011c 00000F00 		.word 0xF0000
 181 0120 00001000 		.word 0x100000
 182 0124 048002E0 		.word 0xE0028004
 183 0128 0C8002E0 		.word 0xE002800C
 184 012c 00001F00 		.word 0x1F0000
 185 0130 00004000 		.word 0x400000
 186              	
 187              	
 188              	
 189              		.global Delay250
 190              		@------------- locals ---------------------
 191              		@k -- R11 - (4)
 192              	
 193              		.p2align 2
 194              	
 195              		.text
 196              	Delay250:
 197 0134 0DC0A0E1 		mov	R12, sp
 198 0138 30582DE9 		stmfd	sp!, {R4, R5, R11, R12, lr}
 199 013c 0DB0A0E1 		mov R11,R13
 200 0140 04D04DE2 		sub	sp, sp, #1 * 4
 201              	
 202              	@line 32,0	{
 203              	
 204              	
 205              	@line 34,5		for(k = 0 ; k < 100 ; k ++)
 206              	
 207 0144 0040A0E3 		mov	R4, #0
 208              	
 209 0148 04400BE5 		str	R4, [R11, #-4]
 210              	L.5:
 211              	
 212              	@line 35,1		{
 213              	
 214              	
 215              	@line 36,1		}
 216              	
 217              	L.6:
 218              	
 219              	@line 34,23	
 220 014c 04401BE5 		ldr	R4,[R11, #-4]
 221 0150 014084E2 		add	R4, R4, #1
 222 0154 04400BE5 		str	R4, [R11, #-4]
 223              	
 224              	@line 34,13	
 225 0158 04401BE5 		ldr	R4,[R11, #-4]
 226 015c 6450A0E3 		mov	R5, #100
 227              	
 228 0160 050054E1 		cmp	R4,R5
ARM GAS  D:\Final year project 2011 amit\LCD.asm 			page 5


 229 0164 510000BA 		blt	L.5
 230              	
 231              	@line 37,0	}
 232              	
 233              	L.4:
 234 0168 30A89BE8 		ldmfd	R11, {R4, R5, R11, sp, pc}
 235              	
 236              		.p2align 2
 237              	
 238              	
 239              		.global DelayMs
 240              		@------------- parameters -----------------
 241              		@n -- R11 - (4)
 242              		@------------- locals ---------------------
 243              		@k -- R11 - (8)
 244              	
 245              		.p2align 2
 246              	
 247              		.text
 248              	DelayMs:
 249 016c 0DC0A0E1 		mov	R12, sp
 250 0170 31582DE9 		stmfd	sp!, {R0, R4, R5, R11, R12, lr}
 251 0174 04B08DE2 		add R11,R13,#4
 252 0178 04D04DE2 		sub	sp, sp, #1 * 4
 253              	
 254              	@line 39,0	{
 255              	
 256              	
 257              	@line 41,5		for(k = 0 ; k < n ; k ++)
 258              	
 259 017c 0040A0E3 		mov	R4, #0
 260              	
 261 0180 08400BE5 		str	R4, [R11, #-8]
 262 0184 670000EA 		b	L.13
 263              	L.10:
 264              	
 265              	@line 42,1		{
 266              	
 267              	
 268              	@line 43,2			Delay250() ;
 269              	
 270 0188 FEFFFFEB 		bl	Delay250
 271              	
 272              	@line 44,2			Delay250() ;
 273              	
 274 018c FEFFFFEB 		bl	Delay250
 275              	
 276              	@line 45,2			Delay250() ;
 277              	
 278 0190 FEFFFFEB 		bl	Delay250
 279              	
 280              	@line 46,2			Delay250() ;
 281              	
 282 0194 FEFFFFEB 		bl	Delay250
 283              	
 284              	@line 47,1		}
 285              	
ARM GAS  D:\Final year project 2011 amit\LCD.asm 			page 6


 286              	L.11:
 287              	
 288              	@line 41,21	
 289 0198 08401BE5 		ldr	R4,[R11, #-8]
 290 019c 014084E2 		add	R4, R4, #1
 291 01a0 08400BE5 		str	R4, [R11, #-8]
 292              	L.13:
 293              	
 294              	@line 41,13	
 295 01a4 08401BE5 		ldr	R4,[R11, #-8]
 296 01a8 04501BE5 		ldr	R5,[R11, #-4]
 297 01ac 050054E1 		cmp	R4,R5
 298 01b0 600000BA 		blt	L.10
 299              	
 300              	@line 48,0	}
 301              	
 302              	L.9:
 303 01b4 30A89BE8 		ldmfd	R11, {R4, R5, R11, sp, pc}
 304              	
 305              		.p2align 2
 306              	
 307              	
 308              		.global LcdCmd
 309              		@------------- parameters -----------------
 310              		@cmd -- R11 - (4)
 311              	
 312              		.p2align 2
 313              	
 314              		.text
 315              	LcdCmd:
 316 01b8 0DC0A0E1 		mov	R12, sp
 317 01bc 31582DE9 		stmfd	sp!, {R0, R4, R5, R11, R12, lr}
 318 01c0 04B08DE2 		add R11,R13,#4
 319 01c4 04D04DE2 		sub	sp, sp, #1 * 4
 320 01c8 04401BE5 		ldr	R4,[R11, #-4]
 321 01cc 04404BE5 		strb	R4, [R11, #-4]
 322              	
 323              	@line 50,0	{
 324              	
 325              	
 326              	@line 51,1		LcdCmd1(cmd >> 4) ;
 327              	
 328 01d0 04405BE5 		ldrb	R4,[R11, #-4]
 329 01d4 0450A0E3 		mov	R5, #4
 330              	
 331 01d8 5445A0E1 		mov R4, R4, asr R5
 332 01dc FF0004E2 		and	R0,R4,#255
 333 01e0 FEFFFFEB 		bl	LcdCmd1
 334              	
 335              	@line 52,1		LcdCmd1(cmd) ;
 336              	
 337 01e4 04005BE5 		ldrb	R0,[R11, #-4]
 338 01e8 FEFFFFEB 		bl	LcdCmd1
 339              	
 340              	@line 53,1		Delay250() ;
 341              	
 342 01ec FEFFFFEB 		bl	Delay250
ARM GAS  D:\Final year project 2011 amit\LCD.asm 			page 7


 343              	
 344              	@line 54,0	}
 345              	
 346              	L.14:
 347 01f0 30A89BE8 		ldmfd	R11, {R4, R5, R11, sp, pc}
 348              	
 349              		.p2align 2
 350              	
 351              	
 352              		.global LcdDat
 353              		@------------- parameters -----------------
 354              		@dat -- R11 - (4)
 355              	
 356              		.p2align 2
 357              	
 358              		.text
 359              	LcdDat:
 360 01f4 0DC0A0E1 		mov	R12, sp
 361 01f8 31582DE9 		stmfd	sp!, {R0, R4, R5, R11, R12, lr}
 362 01fc 04B08DE2 		add R11,R13,#4
 363 0200 04D04DE2 		sub	sp, sp, #1 * 4
 364 0204 04401BE5 		ldr	R4,[R11, #-4]
 365 0208 04404BE5 		strb	R4, [R11, #-4]
 366              	
 367              	@line 56,0	{
 368              	
 369              	
 370              	@line 57,1		LcdDat1(dat >> 4) ;
 371              	
 372 020c 04405BE5 		ldrb	R4,[R11, #-4]
 373 0210 0450A0E3 		mov	R5, #4
 374              	
 375 0214 5445A0E1 		mov R4, R4, asr R5
 376 0218 FF0004E2 		and	R0,R4,#255
 377 021c FEFFFFEB 		bl	LcdDat1
 378              	
 379              	@line 58,1		LcdDat1(dat) ;
 380              	
 381 0220 04005BE5 		ldrb	R0,[R11, #-4]
 382 0224 FEFFFFEB 		bl	LcdDat1
 383              	
 384              	@line 59,1		Delay250() ;
 385              	
 386 0228 FEFFFFEB 		bl	Delay250
 387              	
 388              	@line 60,0	}
 389              	
 390              	L.15:
 391 022c 30A89BE8 		ldmfd	R11, {R4, R5, R11, sp, pc}
 392              	
 393              		.p2align 2
 394              	
 395              	
 396              		.global LcdInit
 397              	
 398              		.p2align 2
 399              	
ARM GAS  D:\Final year project 2011 amit\LCD.asm 			page 8


 400              		.text
 401              	LcdInit:
 402 0230 0DC0A0E1 		mov	R12, sp
 403 0234 30582DE9 		stmfd	sp!, {R4, R5, R11, R12, lr}
 404 0238 0DB0A0E1 		mov R11,R13
 405 023c 04D04DE2 		sub	sp, sp, #1 * 4
 406              	
 407              	@line 62,0	{
 408              	
 409              	
 410              	@line 63,0		IO0DIR = 0x5F0000 ;
 411              	
 412 0240 70409FE5 		ldr	R4, LIT.LcdInit0+0
 413 0244 70509FE5 		ldr	R5, LIT.LcdInit0+4
 414 0248 005084E5 		str	R5, [R4]
 415              	
 416              	@line 64,0		IO0CLR = 0x5F0000 ;
 417              	
 418 024c 6C409FE5 		ldr	R4, LIT.LcdInit0+8
 419 0250 64509FE5 		ldr	R5, LIT.LcdInit0+4
 420 0254 005084E5 		str	R5, [R4]
 421              	
 422              	@line 65,1		DelayMs(15) ;
 423              	
 424 0258 0F00A0E3 		mov	R0, #15
 425              	
 426 025c FEFFFFEB 		bl	DelayMs
 427              	
 428              	@line 66,1		LcdCmd1(0x03) ;
 429              	
 430 0260 0300A0E3 		mov	R0, #3
 431              	
 432 0264 FEFFFFEB 		bl	LcdCmd1
 433              	
 434              	@line 67,1		DelayMs(6) ;
 435              	
 436 0268 0600A0E3 		mov	R0, #6
 437              	
 438 026c FEFFFFEB 		bl	DelayMs
 439              	
 440              	@line 68,1		LcdCmd1(0x03) ;
 441              	
 442 0270 0300A0E3 		mov	R0, #3
 443              	
 444 0274 FEFFFFEB 		bl	LcdCmd1
 445              	
 446              	@line 69,1		Delay250() ;
 447              	
 448 0278 FEFFFFEB 		bl	Delay250
 449              	
 450              	@line 70,1		LcdCmd1(0x03) ;
 451              	
 452 027c 0300A0E3 		mov	R0, #3
 453              	
 454 0280 FEFFFFEB 		bl	LcdCmd1
 455              	
 456              	@line 71,1		Delay250() ;
ARM GAS  D:\Final year project 2011 amit\LCD.asm 			page 9


 457              	
 458 0284 FEFFFFEB 		bl	Delay250
 459              	
 460              	@line 72,1		LcdCmd1(0x02) ;
 461              	
 462 0288 0200A0E3 		mov	R0, #2
 463              	
 464 028c FEFFFFEB 		bl	LcdCmd1
 465              	
 466              	@line 73,1		Delay250() ;
 467              	
 468 0290 FEFFFFEB 		bl	Delay250
 469              	
 470              	@line 75,1		LcdCmd(0x28) ;
 471              	
 472 0294 2800A0E3 		mov	R0, #40
 473              	
 474 0298 FEFFFFEB 		bl	LcdCmd
 475              	
 476              	@line 76,1		LcdCmd(0x08) ;
 477              	
 478 029c 0800A0E3 		mov	R0, #8
 479              	
 480 02a0 FEFFFFEB 		bl	LcdCmd
 481              	
 482              	@line 77,1		LcdCmd(0x0c) ;
 483              	
 484 02a4 0C00A0E3 		mov	R0, #12
 485              	
 486 02a8 FEFFFFEB 		bl	LcdCmd
 487              	
 488              	@line 78,1		LcdCmd(0x06) ;
 489              	
 490 02ac 0600A0E3 		mov	R0, #6
 491              	
 492 02b0 FEFFFFEB 		bl	LcdCmd
 493              	
 494              	@line 79,0	}
 495              	
 496              	L.16:
 497 02b4 30A89BE8 		ldmfd	R11, {R4, R5, R11, sp, pc}
 498              	
 499              		.p2align 2
 500              	LIT.LcdInit0:
 501 02b8 088002E0 		.word 0xE0028008
 502 02bc 00005F00 		.word 0x5F0000
 503 02c0 0C8002E0 		.word 0xE002800C
 504              	
 505              	
 506              	
 507              		.global DisplayRow
 508              		@------------- parameters -----------------
 509              		@str -- R11 - (4)
 510              		@row -- R11 - (8)
 511              		@------------- locals ---------------------
 512              		@k -- R11 - (12)
 513              	
ARM GAS  D:\Final year project 2011 amit\LCD.asm 			page 10


 514              		.p2align 2
 515              	
 516              		.text
 517              	DisplayRow:
 518 02c4 0DC0A0E1 		mov	R12, sp
 519 02c8 33582DE9 		stmfd	sp!, {R0, R1, R4, R5, R11, R12, lr}
 520 02cc 08B08DE2 		add R11,R13,#8
 521 02d0 08D04DE2 		sub	sp, sp, #2 * 4
 522              	
 523              	@line 81,0	{
 524              	
 525              	
 526              	@line 88,5		if (row == 1)
 527              	
 528 02d4 08401BE5 		ldr	R4,[R11, #-8]
 529 02d8 0150A0E3 		mov	R5, #1
 530              	
 531 02dc 050054E1 		cmp	R4,R5
 532 02e0 BA00001A 		bne	L.18
 533              	
 534              	@line 89,2			LcdCmd(0x80) ;
 535              	
 536 02e4 8000A0E3 		mov	R0, #128
 537              	
 538 02e8 FEFFFFEB 		bl	LcdCmd
 539 02ec BC0000EA 		b	L.19
 540              	L.18:
 541              	
 542              	@line 91,2			LcdCmd(0xc0) ;
 543              	
 544 02f0 C000A0E3 		mov	R0, #192
 545              	
 546 02f4 FEFFFFEB 		bl	LcdCmd
 547              	L.19:
 548              	
 549              	@line 92,5		for(k = 0 ; k < 16 ; k ++)
 550              	
 551 02f8 0040A0E3 		mov	R4, #0
 552              	
 553 02fc 0C400BE5 		str	R4, [R11, #-12]
 554              	L.20:
 555              	
 556              	@line 93,1		{
 557              	
 558              	
 559              	@line 94,6			if (str[k])
 560              	
 561 0300 0C401BE5 		ldr	R4,[R11, #-12]
 562 0304 04501BE5 		ldr	R5,[R11, #-4]
 563 0308 054084E0 		add	R4, R4, R5
 564 030c D040D4E1 		ldrsb	R4,[R4]
 565 0310 0050A0E3 		mov	R5, #0
 566              	
 567 0314 050054E1 		cmp	R4,R5
 568 0318 D800000A 		beq	L.27
 569              	
 570              	@line 95,3				LcdDat(str[k]) ;
ARM GAS  D:\Final year project 2011 amit\LCD.asm 			page 11


 571              	
 572 031c 0C401BE5 		ldr	R4,[R11, #-12]
 573 0320 04501BE5 		ldr	R5,[R11, #-4]
 574 0324 054084E0 		add	R4, R4, R5
 575 0328 D040D4E1 		ldrsb	R4,[R4]
 576 032c FF0004E2 		and	R0,R4,#255
 577 0330 FEFFFFEB 		bl	LcdDat
 578              	
 579              	@line 97,3				break ;
 580              	
 581              	L.25:
 582              	
 583              	@line 98,1		}
 584              	
 585              	L.21:
 586              	
 587              	@line 92,22	
 588 0334 0C401BE5 		ldr	R4,[R11, #-12]
 589 0338 014084E2 		add	R4, R4, #1
 590 033c 0C400BE5 		str	R4, [R11, #-12]
 591              	
 592              	@line 92,13	
 593 0340 0C401BE5 		ldr	R4,[R11, #-12]
 594 0344 1050A0E3 		mov	R5, #16
 595              	
 596 0348 050054E1 		cmp	R4,R5
 597 034c BE0000BA 		blt	L.20
 598 0350 D80000EA 		b	L.27
 599              	L.26:
 600              	
 601              	@line 100,1		{
 602              	
 603              	
 604              	@line 101,2			LcdDat(' ') ;
 605              	
 606 0354 2000A0E3 		mov	R0, #32
 607              	
 608 0358 FEFFFFEB 		bl	LcdDat
 609              	
 610              	@line 102,2			k ++ ;
 611              	
 612 035c 0C401BE5 		ldr	R4,[R11, #-12]
 613 0360 014084E2 		add	R4, R4, #1
 614 0364 0C400BE5 		str	R4, [R11, #-12]
 615              	
 616              	@line 103,1		}
 617              	
 618              	L.27:
 619              	
 620              	@line 99,7	
 621 0368 0C401BE5 		ldr	R4,[R11, #-12]
 622 036c 1050A0E3 		mov	R5, #16
 623              	
 624 0370 050054E1 		cmp	R4,R5
 625 0374 D30000BA 		blt	L.26
 626              	
 627              	@line 104,0	}
ARM GAS  D:\Final year project 2011 amit\LCD.asm 			page 12


 628              	
 629              	L.17:
 630 0378 30A89BE8 		ldmfd	R11, {R4, R5, R11, sp, pc}
 631              	
 632              		.p2align 2
 633              	
